
> esqueleto@0.0.0 storybook /Users/temogiorgadze/Documents/FluxGaming/Stake RGS/web-sdk-setup/web-sdk/apps/esqueleto
> PUBLIC_CHROMATIC=true storybook dev -p 6009 public

@storybook/core v8.6.3

info Found existing addon "@storybook/addon-docs", skipping.

attention => Storybook now collects completely anonymous telemetry regarding usage.
This information is used to shape Storybook's roadmap and prioritize features.
You can learn more, including how to opt-out if you'd not like to participate in this anonymous program, by visiting the following URL:
https://storybook.js.org/telemetry

info Found existing addon "@storybook/addon-docs", skipping.
info => Serving static files from ././static at /
info => Starting manager..
WARN No story files found for the specified pattern: src/**/*.mdx
CSF Parsing error: Expected 'ObjectExpression' but found 'undefined' instead in 'Identifier'.
CSF Parsing error: Expected 'ObjectExpression' but found 'undefined' instead in 'Identifier'.
info => Starting preview..
The following Vite config options will be overridden by SvelteKit:
  - base
10:01:48 PM [vite] (client) Forced re-optimization of dependencies
╭─────────────────────────────────────────────────────────────────────╮
│                                                                     │
│   [38;2;162;224;94mStorybook 8.6.3 for sveltekit started[39m                             │
│   431 ms for manager and 674 ms for preview                         │
│                                                                     │
│   Local:            http://localhost:6009/                          │
│   On your network:  http://192.168.100.7:6009/                      │
│                                                                     │
│   [38;2;243;173;56mA new version (9.0.6) is available![39m                               │
│                                                                     │
│   Upgrade now: [38;2;162;224;94mnpx storybook@latest upgrade[39m                         │
│                                                                     │
│   Read full changelog:                                              │
│   https://github.com/storybookjs/storybook/blob/main/CHANGELOG.md   │
│                                                                     │
╰─────────────────────────────────────────────────────────────────────╯
CSF Parsing error: Expected 'ObjectExpression' but found 'undefined' instead in 'Identifier'.
